15:10:11.460 [main] DEBUG io.netty.handler.ssl.JdkSslContext - Default protocols (JDK): [TLSv1.3, TLSv1.2] 
15:10:11.470 [main] DEBUG io.netty.handler.ssl.JdkSslContext - Default cipher suites (JDK): [TLS_ECDHE_ECDSA_WITH_AES_256_GCM_SHA384, TLS_ECDHE_ECDSA_WITH_AES_128_GCM_SHA256, TLS_ECDHE_RSA_WITH_AES_128_GCM_SHA256, TLS_ECDHE_RSA_WITH_AES_256_GCM_SHA384, TLS_ECDHE_RSA_WITH_AES_128_CBC_SHA, TLS_ECDHE_RSA_WITH_AES_256_CBC_SHA, TLS_RSA_WITH_AES_128_GCM_SHA256, TLS_RSA_WITH_AES_128_CBC_SHA, TLS_RSA_WITH_AES_256_CBC_SHA, TLS_AES_128_GCM_SHA256, TLS_AES_256_GCM_SHA384]
15:10:11.504 [main] DEBUG io.netty.util.concurrent.GlobalEventExecutor - -Dio.netty.globalEventExecutor.quietPeriodSeconds: 1
15:10:11.542 [main] DEBUG io.netty.channel.MultithreadEventLoopGroup - -Dio.netty.eventLoopThreads: 8
15:10:11.567 [main] DEBUG io.netty.channel.nio.NioEventLoop - -Dio.netty.noKeySetOptimization: false
15:10:11.567 [main] DEBUG io.netty.channel.nio.NioEventLoop - -Dio.netty.selectorAutoRebuildThreshold: 512
15:10:11.685 [main] DEBUG io.netty.buffer.PooledByteBufAllocator - -Dio.netty.allocator.numHeapArenas: 8
15:10:11.685 [main] DEBUG io.netty.buffer.PooledByteBufAllocator - -Dio.netty.allocator.numDirectArenas: 8
15:10:11.686 [main] DEBUG io.netty.buffer.PooledByteBufAllocator - -Dio.netty.allocator.pageSize: 8192
15:10:11.686 [main] DEBUG io.netty.buffer.PooledByteBufAllocator - -Dio.netty.allocator.maxOrder: 9
15:10:11.686 [main] DEBUG io.netty.buffer.PooledByteBufAllocator - -Dio.netty.allocator.chunkSize: 4194304
15:10:11.686 [main] DEBUG io.netty.buffer.PooledByteBufAllocator - -Dio.netty.allocator.smallCacheSize: 256
15:10:11.686 [main] DEBUG io.netty.buffer.PooledByteBufAllocator - -Dio.netty.allocator.normalCacheSize: 64
15:10:11.686 [main] DEBUG io.netty.buffer.PooledByteBufAllocator - -Dio.netty.allocator.maxCachedBufferCapacity: 32768
15:10:11.686 [main] DEBUG io.netty.buffer.PooledByteBufAllocator - -Dio.netty.allocator.cacheTrimInterval: 8192
15:10:11.686 [main] DEBUG io.netty.buffer.PooledByteBufAllocator - -Dio.netty.allocator.cacheTrimIntervalMillis: 0
15:10:11.686 [main] DEBUG io.netty.buffer.PooledByteBufAllocator - -Dio.netty.allocator.useCacheForAllThreads: false
15:10:11.687 [main] DEBUG io.netty.buffer.PooledByteBufAllocator - -Dio.netty.allocator.maxCachedByteBuffersPerChunk: 1023
15:10:11.718 [main] DEBUG io.netty.buffer.ByteBufUtil - -Dio.netty.allocator.type: pooled
15:10:11.719 [main] DEBUG io.netty.buffer.ByteBufUtil - -Dio.netty.threadLocalDirectBufferSize: 0
15:10:11.719 [main] DEBUG io.netty.buffer.ByteBufUtil - -Dio.netty.maxThreadLocalCharBufferSize: 16384
15:10:13.174 [Forwarding newSession on session null to remote] DEBUG io.netty.channel.DefaultChannelId - -Dio.netty.processId: 16460 (auto-detected)
15:10:13.180 [Forwarding newSession on session null to remote] DEBUG io.netty.util.NetUtil - -Djava.net.preferIPv4Stack: false
15:10:13.180 [Forwarding newSession on session null to remote] DEBUG io.netty.util.NetUtil - -Djava.net.preferIPv6Addresses: false
15:10:13.199 [Forwarding newSession on session null to remote] DEBUG io.netty.util.NetUtilInitializations - Loopback interface: lo (Software Loopback Interface 1, 127.0.0.1)
15:10:13.203 [Forwarding newSession on session null to remote] DEBUG io.netty.util.NetUtil - Failed to get SOMAXCONN from sysctl and file \proc\sys\net\core\somaxconn. Default: 200
15:10:13.249 [Forwarding newSession on session null to remote] DEBUG io.netty.channel.DefaultChannelId - -Dio.netty.machineId: e4:b3:18:ff:fe:c4:77:0a (auto-detected)
15:10:13.367 [AsyncHttpClient-1-2] DEBUG io.netty.buffer.AbstractByteBuf - -Dio.netty.buffer.checkAccessible: true
15:10:13.367 [AsyncHttpClient-1-2] DEBUG io.netty.buffer.AbstractByteBuf - -Dio.netty.buffer.checkBounds: true
15:10:13.368 [AsyncHttpClient-1-2] DEBUG io.netty.util.ResourceLeakDetectorFactory - Loaded default ResourceLeakDetector: io.netty.util.ResourceLeakDetector@11443f55
15:10:13.426 [AsyncHttpClient-1-2] DEBUG io.netty.util.Recycler - -Dio.netty.recycler.maxCapacityPerThread: 4096
15:10:13.427 [AsyncHttpClient-1-2] DEBUG io.netty.util.Recycler - -Dio.netty.recycler.ratio: 8
15:10:13.427 [AsyncHttpClient-1-2] DEBUG io.netty.util.Recycler - -Dio.netty.recycler.chunkSize: 32
15:10:13.427 [AsyncHttpClient-1-2] DEBUG io.netty.util.Recycler - -Dio.netty.recycler.blocking: false
15:10:13.427 [AsyncHttpClient-1-2] DEBUG io.netty.util.Recycler - -Dio.netty.recycler.batchFastThreadLocalOnly: true
15:10:18.377 [AsyncHttpClient-1-2] DEBUG io.netty.handler.codec.compression.Brotli - brotli4j not in the classpath; Brotli support will be unavailable.
15:10:18.777 [main] DEBUG io.netty.util.internal.ThreadLocalRandom - -Dio.netty.initialSeedUniquifier: 0xb63197956ff042c6
15:10:20.822 [main] DEBUG testCases.TC_001_AccountRegistrationTest - Application Logs..........
15:10:20.822 [main] INFO  testCases.TC_001_AccountRegistrationTest - ***** Starting--TC_001_AccountRegistrationTest*******
15:10:21.215 [main] INFO  testCases.TC_001_AccountRegistrationTest - Clicked My Account
15:10:22.306 [main] INFO  testCases.TC_001_AccountRegistrationTest - Clicked Register
15:10:22.318 [main] INFO  testCases.TC_001_AccountRegistrationTest - Providing customer data
15:10:26.658 [main] INFO  testCases.TC_001_AccountRegistrationTest - Clicked Continue
15:10:26.749 [main] INFO  testCases.TC_001_AccountRegistrationTest - Validating expected message
15:10:26.752 [main] INFO  testCases.TC_001_AccountRegistrationTest - ***** Finished--TC_001_AccountRegistrationTest*******
15:12:51.464 [main] DEBUG io.netty.util.internal.logging.InternalLoggerFactory - Using Log4J2 as the default logging framework
15:12:51.504 [main] DEBUG io.netty.util.ResourceLeakDetector - -Dio.netty.leakDetection.level: simple
15:12:51.504 [main] DEBUG io.netty.util.ResourceLeakDetector - -Dio.netty.leakDetection.targetRecords: 4
15:12:51.514 [main] DEBUG io.netty.util.ResourceLeakDetectorFactory - Loaded default ResourceLeakDetector: io.netty.util.ResourceLeakDetector@6a9287b1
15:12:51.548 [main] DEBUG io.netty.util.internal.PlatformDependent0 - -Dio.netty.noUnsafe: false
15:12:51.548 [main] DEBUG io.netty.util.internal.PlatformDependent0 - Java version: 17
15:12:51.550 [main] DEBUG io.netty.util.internal.PlatformDependent0 - sun.misc.Unsafe.theUnsafe: available
15:12:51.551 [main] DEBUG io.netty.util.internal.PlatformDependent0 - sun.misc.Unsafe.copyMemory: available
15:12:51.552 [main] DEBUG io.netty.util.internal.PlatformDependent0 - sun.misc.Unsafe.storeFence: available
15:12:51.553 [main] DEBUG io.netty.util.internal.PlatformDependent0 - java.nio.Buffer.address: available
15:12:51.554 [main] DEBUG io.netty.util.internal.PlatformDependent0 - direct buffer constructor: unavailable: Reflective setAccessible(true) disabled
15:12:51.556 [main] DEBUG io.netty.util.internal.PlatformDependent0 - java.nio.Bits.unaligned: available, true
15:12:51.557 [main] DEBUG io.netty.util.internal.PlatformDependent0 - jdk.internal.misc.Unsafe.allocateUninitializedArray(int): unavailable: class io.netty.util.internal.PlatformDependent0$7 cannot access class jdk.internal.misc.Unsafe (in module java.base) because module java.base does not export jdk.internal.misc to unnamed module @2096442d
15:12:51.559 [main] DEBUG io.netty.util.internal.PlatformDependent0 - java.nio.DirectByteBuffer.<init>(long, int): unavailable
15:12:51.560 [main] DEBUG io.netty.util.internal.PlatformDependent - sun.misc.Unsafe: available
15:12:51.561 [main] DEBUG io.netty.util.internal.PlatformDependent - maxDirectMemory: 2109734912 bytes (maybe)
15:12:51.562 [main] DEBUG io.netty.util.internal.PlatformDependent - -Dio.netty.tmpdir: C:\Users\Teena Dhanesh\AppData\Local\Temp (java.io.tmpdir)
15:12:51.562 [main] DEBUG io.netty.util.internal.PlatformDependent - -Dio.netty.bitMode: 64 (sun.arch.data.model)
15:12:51.563 [main] DEBUG io.netty.util.internal.PlatformDependent - Platform: Windows
15:12:51.565 [main] DEBUG io.netty.util.internal.PlatformDependent - -Dio.netty.maxDirectMemory: -1 bytes
15:12:51.565 [main] DEBUG io.netty.util.internal.PlatformDependent - -Dio.netty.uninitializedArrayAllocationThreshold: -1
15:12:51.568 [main] DEBUG io.netty.util.internal.CleanerJava9 - java.nio.ByteBuffer.cleaner(): available
15:12:51.568 [main] DEBUG io.netty.util.internal.PlatformDependent - -Dio.netty.noPreferDirect: false
15:12:51.580 [main] DEBUG io.netty.util.internal.PlatformDependent - org.jctools-core.MpscChunkedArrayQueue: available
15:12:51.605 [main] DEBUG io.netty.util.internal.InternalThreadLocalMap - -Dio.netty.threadLocalMap.stringBuilder.initialSize: 1024
15:12:51.605 [main] DEBUG io.netty.util.internal.InternalThreadLocalMap - -Dio.netty.threadLocalMap.stringBuilder.maxSize: 4096
15:12:51.895 [main] DEBUG io.netty.handler.ssl.JdkSslContext - Default protocols (JDK): [TLSv1.3, TLSv1.2] 
15:12:51.895 [main] DEBUG io.netty.handler.ssl.JdkSslContext - Default cipher suites (JDK): [TLS_ECDHE_ECDSA_WITH_AES_256_GCM_SHA384, TLS_ECDHE_ECDSA_WITH_AES_128_GCM_SHA256, TLS_ECDHE_RSA_WITH_AES_128_GCM_SHA256, TLS_ECDHE_RSA_WITH_AES_256_GCM_SHA384, TLS_ECDHE_RSA_WITH_AES_128_CBC_SHA, TLS_ECDHE_RSA_WITH_AES_256_CBC_SHA, TLS_RSA_WITH_AES_128_GCM_SHA256, TLS_RSA_WITH_AES_128_CBC_SHA, TLS_RSA_WITH_AES_256_CBC_SHA, TLS_AES_128_GCM_SHA256, TLS_AES_256_GCM_SHA384]
15:12:51.913 [main] DEBUG io.netty.util.concurrent.GlobalEventExecutor - -Dio.netty.globalEventExecutor.quietPeriodSeconds: 1
15:12:51.932 [main] DEBUG io.netty.channel.MultithreadEventLoopGroup - -Dio.netty.eventLoopThreads: 8
15:12:51.948 [main] DEBUG io.netty.channel.nio.NioEventLoop - -Dio.netty.noKeySetOptimization: false
15:12:51.948 [main] DEBUG io.netty.channel.nio.NioEventLoop - -Dio.netty.selectorAutoRebuildThreshold: 512
15:12:52.014 [main] DEBUG io.netty.buffer.PooledByteBufAllocator - -Dio.netty.allocator.numHeapArenas: 8
15:12:52.014 [main] DEBUG io.netty.buffer.PooledByteBufAllocator - -Dio.netty.allocator.numDirectArenas: 8
15:12:52.014 [main] DEBUG io.netty.buffer.PooledByteBufAllocator - -Dio.netty.allocator.pageSize: 8192
15:12:52.014 [main] DEBUG io.netty.buffer.PooledByteBufAllocator - -Dio.netty.allocator.maxOrder: 9
15:12:52.014 [main] DEBUG io.netty.buffer.PooledByteBufAllocator - -Dio.netty.allocator.chunkSize: 4194304
15:12:52.014 [main] DEBUG io.netty.buffer.PooledByteBufAllocator - -Dio.netty.allocator.smallCacheSize: 256
15:12:52.014 [main] DEBUG io.netty.buffer.PooledByteBufAllocator - -Dio.netty.allocator.normalCacheSize: 64
15:12:52.015 [main] DEBUG io.netty.buffer.PooledByteBufAllocator - -Dio.netty.allocator.maxCachedBufferCapacity: 32768
15:12:52.015 [main] DEBUG io.netty.buffer.PooledByteBufAllocator - -Dio.netty.allocator.cacheTrimInterval: 8192
15:12:52.015 [main] DEBUG io.netty.buffer.PooledByteBufAllocator - -Dio.netty.allocator.cacheTrimIntervalMillis: 0
15:12:52.015 [main] DEBUG io.netty.buffer.PooledByteBufAllocator - -Dio.netty.allocator.useCacheForAllThreads: false
15:12:52.015 [main] DEBUG io.netty.buffer.PooledByteBufAllocator - -Dio.netty.allocator.maxCachedByteBuffersPerChunk: 1023
15:12:52.030 [main] DEBUG io.netty.buffer.ByteBufUtil - -Dio.netty.allocator.type: pooled
15:12:52.030 [main] DEBUG io.netty.buffer.ByteBufUtil - -Dio.netty.threadLocalDirectBufferSize: 0
15:12:52.031 [main] DEBUG io.netty.buffer.ByteBufUtil - -Dio.netty.maxThreadLocalCharBufferSize: 16384
15:12:53.076 [Forwarding newSession on session null to remote] DEBUG io.netty.channel.DefaultChannelId - -Dio.netty.processId: 22412 (auto-detected)
15:12:53.079 [Forwarding newSession on session null to remote] DEBUG io.netty.util.NetUtil - -Djava.net.preferIPv4Stack: false
15:12:53.080 [Forwarding newSession on session null to remote] DEBUG io.netty.util.NetUtil - -Djava.net.preferIPv6Addresses: false
15:12:53.093 [Forwarding newSession on session null to remote] DEBUG io.netty.util.NetUtilInitializations - Loopback interface: lo (Software Loopback Interface 1, 127.0.0.1)
15:12:53.095 [Forwarding newSession on session null to remote] DEBUG io.netty.util.NetUtil - Failed to get SOMAXCONN from sysctl and file \proc\sys\net\core\somaxconn. Default: 200
15:12:53.153 [Forwarding newSession on session null to remote] DEBUG io.netty.channel.DefaultChannelId - -Dio.netty.machineId: e4:b3:18:ff:fe:c4:77:0a (auto-detected)
15:12:53.259 [AsyncHttpClient-1-2] DEBUG io.netty.buffer.AbstractByteBuf - -Dio.netty.buffer.checkAccessible: true
15:12:53.262 [AsyncHttpClient-1-2] DEBUG io.netty.buffer.AbstractByteBuf - -Dio.netty.buffer.checkBounds: true
15:12:53.263 [AsyncHttpClient-1-2] DEBUG io.netty.util.ResourceLeakDetectorFactory - Loaded default ResourceLeakDetector: io.netty.util.ResourceLeakDetector@756d252
15:12:53.319 [AsyncHttpClient-1-2] DEBUG io.netty.util.Recycler - -Dio.netty.recycler.maxCapacityPerThread: 4096
15:12:53.319 [AsyncHttpClient-1-2] DEBUG io.netty.util.Recycler - -Dio.netty.recycler.ratio: 8
15:12:53.320 [AsyncHttpClient-1-2] DEBUG io.netty.util.Recycler - -Dio.netty.recycler.chunkSize: 32
15:12:53.320 [AsyncHttpClient-1-2] DEBUG io.netty.util.Recycler - -Dio.netty.recycler.blocking: false
15:12:53.320 [AsyncHttpClient-1-2] DEBUG io.netty.util.Recycler - -Dio.netty.recycler.batchFastThreadLocalOnly: true
15:12:55.173 [AsyncHttpClient-1-2] DEBUG io.netty.handler.codec.compression.Brotli - brotli4j not in the classpath; Brotli support will be unavailable.
15:12:55.354 [main] DEBUG io.netty.util.internal.ThreadLocalRandom - -Dio.netty.initialSeedUniquifier: 0x9e94deedf9c470b3
15:12:56.507 [main] DEBUG testCases.TC_001_AccountRegistrationTest - Application Logs..........
15:12:56.508 [main] INFO  testCases.TC_001_AccountRegistrationTest - ***** Starting--TC_001_AccountRegistrationTest*******
15:12:56.685 [main] INFO  testCases.TC_001_AccountRegistrationTest - Clicked My Account
15:12:57.388 [main] INFO  testCases.TC_001_AccountRegistrationTest - Clicked Register
15:12:57.400 [main] INFO  testCases.TC_001_AccountRegistrationTest - Providing customer data
15:13:01.210 [main] INFO  testCases.TC_001_AccountRegistrationTest - Clicked Continue
15:13:01.326 [main] INFO  testCases.TC_001_AccountRegistrationTest - Validating expected message
15:13:01.333 [main] INFO  testCases.TC_001_AccountRegistrationTest - ***** Finished--TC_001_AccountRegistrationTest*******
15:30:16.759 [main] INFO  testCases.TC_001_AccountRegistrationTest - ***** Starting--TC_001_AccountRegistrationTest*******
15:30:17.047 [main] INFO  testCases.TC_001_AccountRegistrationTest - Clicked My Account
15:30:18.083 [main] INFO  testCases.TC_001_AccountRegistrationTest - Clicked Register
15:30:18.089 [main] INFO  testCases.TC_001_AccountRegistrationTest - Providing customer data
15:30:22.462 [main] INFO  testCases.TC_001_AccountRegistrationTest - Clicked Continue
15:30:22.574 [main] INFO  testCases.TC_001_AccountRegistrationTest - Validating expected message
15:30:22.577 [main] INFO  testCases.TC_001_AccountRegistrationTest - ***** Finished--TC_001_AccountRegistrationTest*******
15:31:35.111 [main] INFO  testCases.TC_001_AccountRegistrationTest - ***** Starting--TC_001_AccountRegistrationTest*******
15:31:35.568 [main] INFO  testCases.TC_001_AccountRegistrationTest - Clicked My Account
15:31:36.509 [main] INFO  testCases.TC_001_AccountRegistrationTest - Clicked Register
15:31:36.513 [main] INFO  testCases.TC_001_AccountRegistrationTest - Providing customer data
15:31:38.293 [main] INFO  testCases.TC_001_AccountRegistrationTest - Clicked Continue
15:31:38.378 [main] INFO  testCases.TC_001_AccountRegistrationTest - Validating expected message
00:08:40.245 [main] INFO  testCases.TC_002_LoginTest - ***** Starting--TC_002_LoginTest*******
00:08:40.413 [main] INFO  testCases.TC_002_LoginTest - Clicked on MyAcount
00:08:40.881 [main] INFO  testCases.TC_002_LoginTest - Clicked on Login
00:08:40.883 [main] INFO  testCases.TC_002_LoginTest - Providing Login details
00:08:41.776 [main] INFO  testCases.TC_002_LoginTest - logged in
00:08:41.943 [main] INFO  testCases.TC_002_LoginTest - ***** Finished--TC_002_LoginTest*******
11:07:48.482 [main] INFO  testCases.TC_002_LoginTest - ***** Starting--TC_002_LoginTest*******
11:07:48.758 [main] INFO  testCases.TC_002_LoginTest - Clicked on MyAcount
11:07:49.546 [main] INFO  testCases.TC_002_LoginTest - Clicked on Login
11:07:49.550 [main] INFO  testCases.TC_002_LoginTest - Providing Login details
11:07:50.628 [main] INFO  testCases.TC_002_LoginTest - logged in
11:07:50.998 [main] INFO  testCases.TC_002_LoginTest - ***** Finished--TC_002_LoginTest*******
18:59:56.173 [main] INFO  testCases.TC_003_LoginDDT - *******Started-TC_003_LoginDDT************* 
18:59:57.298 [main] INFO  testCases.TC_003_LoginDDT - Clicked on MyAcount
18:59:58.646 [main] INFO  testCases.TC_003_LoginDDT - Clicked on Login
18:59:58.649 [main] INFO  testCases.TC_003_LoginDDT - Providing Login details
19:00:01.024 [main] INFO  testCases.TC_003_LoginDDT - logged in
19:00:02.260 [main] INFO  testCases.TC_003_LoginDDT - *******Finished-TC_003_LoginDDT************* 
19:00:02.344 [main] INFO  testCases.TC_003_LoginDDT - *******Started-TC_003_LoginDDT************* 
19:00:02.529 [main] INFO  testCases.TC_003_LoginDDT - Clicked on MyAcount
19:00:03.263 [main] INFO  testCases.TC_003_LoginDDT - Clicked on Login
19:00:03.264 [main] INFO  testCases.TC_003_LoginDDT - Providing Login details
19:00:04.714 [main] INFO  testCases.TC_003_LoginDDT - logged in
19:00:14.775 [main] INFO  testCases.TC_003_LoginDDT - *******Finished-TC_003_LoginDDT************* 
19:00:14.781 [main] INFO  testCases.TC_003_LoginDDT - *******Started-TC_003_LoginDDT************* 
19:00:14.930 [main] INFO  testCases.TC_003_LoginDDT - Clicked on MyAcount
19:00:15.599 [main] INFO  testCases.TC_003_LoginDDT - Clicked on Login
19:00:15.599 [main] INFO  testCases.TC_003_LoginDDT - Providing Login details
19:00:17.147 [main] INFO  testCases.TC_003_LoginDDT - logged in
19:00:27.503 [main] INFO  testCases.TC_003_LoginDDT - *******Finished-TC_003_LoginDDT************* 
19:00:27.518 [main] INFO  testCases.TC_003_LoginDDT - *******Started-TC_003_LoginDDT************* 
19:00:28.269 [main] INFO  testCases.TC_003_LoginDDT - Clicked on MyAcount
19:00:29.087 [main] INFO  testCases.TC_003_LoginDDT - Clicked on Login
19:00:29.088 [main] INFO  testCases.TC_003_LoginDDT - Providing Login details
19:00:30.284 [main] INFO  testCases.TC_003_LoginDDT - logged in
19:00:40.313 [main] INFO  testCases.TC_003_LoginDDT - *******Finished-TC_003_LoginDDT************* 
19:00:40.317 [main] INFO  testCases.TC_003_LoginDDT - *******Started-TC_003_LoginDDT************* 
19:00:40.396 [main] INFO  testCases.TC_003_LoginDDT - Clicked on MyAcount
19:00:40.846 [main] INFO  testCases.TC_003_LoginDDT - Clicked on Login
19:00:40.846 [main] INFO  testCases.TC_003_LoginDDT - Providing Login details
19:00:41.622 [main] INFO  testCases.TC_003_LoginDDT - logged in
20:24:51.895 [main] INFO  testCases.TC_003_LoginDDT - *******Started-TC_003_LoginDDT************* 
20:24:52.180 [main] INFO  testCases.TC_003_LoginDDT - Clicked on MyAcount
20:24:52.953 [main] INFO  testCases.TC_003_LoginDDT - Clicked on Login
20:24:52.958 [main] INFO  testCases.TC_003_LoginDDT - Providing Login details
20:24:54.416 [main] INFO  testCases.TC_003_LoginDDT - logged in
20:24:55.130 [main] INFO  testCases.TC_003_LoginDDT - *******Finished-TC_003_LoginDDT************* 
20:24:55.186 [main] INFO  testCases.TC_003_LoginDDT - *******Started-TC_003_LoginDDT************* 
20:24:55.263 [main] INFO  testCases.TC_003_LoginDDT - Clicked on MyAcount
20:24:55.740 [main] INFO  testCases.TC_003_LoginDDT - Clicked on Login
20:24:55.740 [main] INFO  testCases.TC_003_LoginDDT - Providing Login details
20:24:56.512 [main] INFO  testCases.TC_003_LoginDDT - logged in
20:25:06.585 [main] INFO  testCases.TC_003_LoginDDT - *******Finished-TC_003_LoginDDT************* 
20:25:06.589 [main] INFO  testCases.TC_003_LoginDDT - *******Started-TC_003_LoginDDT************* 
20:25:06.670 [main] INFO  testCases.TC_003_LoginDDT - Clicked on MyAcount
20:25:07.122 [main] INFO  testCases.TC_003_LoginDDT - Clicked on Login
20:25:07.124 [main] INFO  testCases.TC_003_LoginDDT - Providing Login details
20:25:07.829 [main] INFO  testCases.TC_003_LoginDDT - logged in
20:25:17.951 [main] INFO  testCases.TC_003_LoginDDT - *******Finished-TC_003_LoginDDT************* 
20:25:17.957 [main] INFO  testCases.TC_003_LoginDDT - *******Started-TC_003_LoginDDT************* 
20:25:18.030 [main] INFO  testCases.TC_003_LoginDDT - Clicked on MyAcount
20:25:18.355 [main] INFO  testCases.TC_003_LoginDDT - Clicked on Login
20:25:18.356 [main] INFO  testCases.TC_003_LoginDDT - Providing Login details
20:25:18.884 [main] INFO  testCases.TC_003_LoginDDT - logged in
20:25:29.007 [main] INFO  testCases.TC_003_LoginDDT - *******Finished-TC_003_LoginDDT************* 
20:25:29.009 [main] INFO  testCases.TC_003_LoginDDT - *******Started-TC_003_LoginDDT************* 
20:25:29.079 [main] INFO  testCases.TC_003_LoginDDT - Clicked on MyAcount
20:25:29.390 [main] INFO  testCases.TC_003_LoginDDT - Clicked on Login
20:25:29.390 [main] INFO  testCases.TC_003_LoginDDT - Providing Login details
20:25:30.017 [main] INFO  testCases.TC_003_LoginDDT - logged in
20:25:30.552 [main] INFO  testCases.TC_003_LoginDDT - *******Finished-TC_003_LoginDDT************* 
01:04:06.344 [main] INFO  testCases.TC_001_AccountRegistrationTest - ***** Starting--TC_001_AccountRegistrationTest*******
01:04:06.931 [main] INFO  testCases.TC_001_AccountRegistrationTest - Clicked My Account
01:04:08.336 [main] INFO  testCases.TC_001_AccountRegistrationTest - Clicked Register
01:04:08.348 [main] INFO  testCases.TC_001_AccountRegistrationTest - Providing customer data
01:04:10.994 [main] INFO  testCases.TC_001_AccountRegistrationTest - Clicked Continue
01:04:11.082 [main] INFO  testCases.TC_001_AccountRegistrationTest - Validating expected message
01:04:26.665 [main] INFO  testCases.TC_002_LoginTest - ***** Starting--TC_002_LoginTest*******
01:04:26.894 [main] INFO  testCases.TC_002_LoginTest - Clicked on MyAcount
01:04:27.949 [main] INFO  testCases.TC_002_LoginTest - Clicked on Login
01:04:27.956 [main] INFO  testCases.TC_002_LoginTest - Providing Login details
01:04:29.723 [main] INFO  testCases.TC_002_LoginTest - logged in
01:04:29.964 [main] INFO  testCases.TC_002_LoginTest - ***** Finished--TC_002_LoginTest*******
01:05:50.732 [main] INFO  testCases.TC_001_AccountRegistrationTest - ***** Starting--TC_001_AccountRegistrationTest*******
01:05:51.019 [main] INFO  testCases.TC_001_AccountRegistrationTest - Clicked My Account
01:05:52.207 [main] INFO  testCases.TC_001_AccountRegistrationTest - Clicked Register
01:05:52.217 [main] INFO  testCases.TC_001_AccountRegistrationTest - Providing customer data
01:05:56.153 [main] INFO  testCases.TC_001_AccountRegistrationTest - Clicked Continue
01:05:56.232 [main] INFO  testCases.TC_001_AccountRegistrationTest - Validating expected message
01:05:56.237 [main] INFO  testCases.TC_001_AccountRegistrationTest - ***** Finished--TC_001_AccountRegistrationTest*******
01:08:47.391 [main] INFO  testCases.TC_002_LoginTest - ***** Starting--TC_002_LoginTest*******
01:08:47.619 [main] INFO  testCases.TC_002_LoginTest - Clicked on MyAcount
01:08:48.050 [main] INFO  testCases.TC_002_LoginTest - Clicked on Login
01:08:48.051 [main] INFO  testCases.TC_002_LoginTest - Providing Login details
01:08:48.922 [main] INFO  testCases.TC_002_LoginTest - logged in
01:08:49.052 [main] INFO  testCases.TC_002_LoginTest - ***** Finished--TC_002_LoginTest*******
18:10:28.779 [main] INFO  testCases.TC_001_AccountRegistrationTest - ***** Starting--TC_001_AccountRegistrationTest*******
18:10:29.058 [main] INFO  testCases.TC_001_AccountRegistrationTest - Clicked My Account
18:10:30.301 [main] INFO  testCases.TC_001_AccountRegistrationTest - Clicked Register
18:10:30.311 [main] INFO  testCases.TC_001_AccountRegistrationTest - Providing customer data
18:10:34.789 [main] INFO  testCases.TC_001_AccountRegistrationTest - Clicked Continue
18:10:34.902 [main] INFO  testCases.TC_001_AccountRegistrationTest - Validating expected message
18:10:34.910 [main] INFO  testCases.TC_001_AccountRegistrationTest - ***** Finished--TC_001_AccountRegistrationTest*******
18:10:42.236 [main] INFO  testCases.TC_002_LoginTest - ***** Starting--TC_002_LoginTest*******
18:10:42.490 [main] INFO  testCases.TC_002_LoginTest - Clicked on MyAcount
18:10:43.164 [main] INFO  testCases.TC_002_LoginTest - Clicked on Login
18:10:43.168 [main] INFO  testCases.TC_002_LoginTest - Providing Login details
18:10:44.404 [main] INFO  testCases.TC_002_LoginTest - logged in
18:10:44.703 [main] INFO  testCases.TC_002_LoginTest - ***** Finished--TC_002_LoginTest*******
15:40:20.743 [main] INFO  testCases.TC_001_AccountRegistrationTest - ***** Starting--TC_001_AccountRegistrationTest*******
15:40:21.047 [main] INFO  testCases.TC_001_AccountRegistrationTest - Clicked My Account
15:40:22.053 [main] INFO  testCases.TC_001_AccountRegistrationTest - Clicked Register
15:40:22.064 [main] INFO  testCases.TC_001_AccountRegistrationTest - Providing customer data
15:40:27.025 [main] INFO  testCases.TC_001_AccountRegistrationTest - Clicked Continue
15:40:27.181 [main] INFO  testCases.TC_001_AccountRegistrationTest - Validating expected message
15:40:27.187 [main] INFO  testCases.TC_001_AccountRegistrationTest - ***** Finished--TC_001_AccountRegistrationTest*******
15:40:36.905 [main] INFO  testCases.TC_002_LoginTest - ***** Starting--TC_002_LoginTest*******
15:40:37.103 [main] INFO  testCases.TC_002_LoginTest - Clicked on MyAcount
15:40:37.832 [main] INFO  testCases.TC_002_LoginTest - Clicked on Login
15:40:37.835 [main] INFO  testCases.TC_002_LoginTest - Providing Login details
15:40:39.398 [main] INFO  testCases.TC_002_LoginTest - logged in
15:40:39.587 [main] INFO  testCases.TC_002_LoginTest - ***** Finished--TC_002_LoginTest*******
21:57:19.846 [main] INFO  testCases.TC_001_AccountRegistrationTest - ***** Starting--TC_001_AccountRegistrationTest*******
21:57:20.103 [main] INFO  testCases.TC_001_AccountRegistrationTest - Clicked My Account
21:57:20.894 [main] INFO  testCases.TC_001_AccountRegistrationTest - Clicked Register
21:57:20.902 [main] INFO  testCases.TC_001_AccountRegistrationTest - Providing customer data
21:57:25.006 [main] INFO  testCases.TC_001_AccountRegistrationTest - Clicked Continue
21:57:25.097 [main] INFO  testCases.TC_001_AccountRegistrationTest - Validating expected message
21:57:25.104 [main] INFO  testCases.TC_001_AccountRegistrationTest - ***** Finished--TC_001_AccountRegistrationTest*******
21:57:32.161 [main] INFO  testCases.TC_002_LoginTest - ***** Starting--TC_002_LoginTest*******
21:57:32.373 [main] INFO  testCases.TC_002_LoginTest - Clicked on MyAcount
21:57:33.293 [main] INFO  testCases.TC_002_LoginTest - Clicked on Login
21:57:33.299 [main] INFO  testCases.TC_002_LoginTest - Providing Login details
21:57:36.357 [main] INFO  testCases.TC_002_LoginTest - logged in
21:57:36.558 [main] INFO  testCases.TC_002_LoginTest - ***** Finished--TC_002_LoginTest*******
